Using pre-set license
Built from '2020.3/staging' branch; Version is '2020.3.9f1 (108be757e447) revision 1084391'; Using compiler version '192528614'; Build Type 'Release'
OS: 'Windows 10 Home Single Language; OS build 19043.1165; Version 2009; 64bit' Language: 'es' Physical Memory: 8076 MB
BatchMode: 1, IsHumanControllingUs: 0, StartBugReporterOnCrash: 0, Is64bit: 1, IsPro: 0

 COMMAND LINE ARGUMENTS:
C:\Program Files\Unity\Hub\Editor\2020.3.9f1\Editor\Unity.exe
-adb2
-batchMode
-noUpm
-name
AssetImportWorker0
-projectPath
D:/Archivos generales/Unity/Proyectos/Brazo3D
-logFile
Logs/AssetImportWorker0.log
-srvPort
49474
Successfully changed project path to: D:/Archivos generales/Unity/Proyectos/Brazo3D
D:/Archivos generales/Unity/Proyectos/Brazo3D
Using Asset Import Pipeline V2.
Refreshing native plugins compatible for Editor in 29.01 ms, found 0 plugins.
Preloading 0 native plugins for Editor in 0.00 ms.
Initialize engine version: 2020.3.9f1 (108be757e447)
[Subsystems] Discovering subsystems at path C:/Program Files/Unity/Hub/Editor/2020.3.9f1/Editor/Data/Resources/UnitySubsystems
[Subsystems] Discovering subsystems at path D:/Archivos generales/Unity/Proyectos/Brazo3D/Assets
GfxDevice: creating device client; threaded=0
Direct3D:
    Version:  Direct3D 11.0 [level 11.1]
    Renderer: NVIDIA GeForce GTX 1050 (ID=0x1c8d)
    Vendor:   
    VRAM:     4021 MB
    Driver:   30.0.14.7141
Initialize mono
Mono path[0] = 'C:/Program Files/Unity/Hub/Editor/2020.3.9f1/Editor/Data/Managed'
Mono path[1] = 'C:/Program Files/Unity/Hub/Editor/2020.3.9f1/Editor/Data/MonoBleedingEdge/lib/mono/unityjit'
Mono config path = 'C:/Program Files/Unity/Hub/Editor/2020.3.9f1/Editor/Data/MonoBleedingEdge/etc'
Using monoOptions --debugger-agent=transport=dt_socket,embedding=1,server=y,suspend=n,address=127.0.0.1:56144
Begin MonoManager ReloadAssembly
Registering precompiled unity dll's ...
Register platform support module: C:/Program Files/Unity/Hub/Editor/2020.3.9f1/Editor/Data/PlaybackEngines/WindowsStandaloneSupport/UnityEditor.WindowsStandalone.Extensions.dll
Registered in 0.003069 seconds.
Native extension for WindowsStandalone target not found
Refreshing native plugins compatible for Editor in 32.03 ms, found 0 plugins.
Preloading 0 native plugins for Editor in 0.00 ms.
Mono: successfully reloaded assembly
- Completed reload, in  1.703 seconds
Platform modules already initialized, skipping
Registering precompiled user dll's ...
Registered in 0.000896 seconds.
Begin MonoManager ReloadAssembly
Native extension for WindowsStandalone target not found
Refreshing native plugins compatible for Editor in 0.22 ms, found 0 plugins.
Preloading 0 native plugins for Editor in 0.00 ms.
Mono: successfully reloaded assembly
- Completed reload, in  1.072 seconds
Platform modules already initialized, skipping
========================================================================
Worker process is ready to serve import requests
Launched and connected shader compiler UnityShaderCompiler.exe after 0.09 seconds
Refreshing native plugins compatible for Editor in 0.32 ms, found 0 plugins.
Preloading 0 native plugins for Editor in 0.00 ms.
Unloading 1117 Unused Serialized files (Serialized files now loaded: 0)
System memory in use before: 57.3 MB.
System memory in use after: 57.3 MB.

Unloading 10 unused Assets to reduce memory usage. Loaded Objects now: 1559.
Total: 2.650400 ms (FindLiveObjects: 0.141700 ms CreateObjectMapping: 0.037300 ms MarkObjects: 2.324100 ms  DeleteObjects: 0.145500 ms)

========================================================================
Received Import Request.
  path: Assets/Scripts/MJoint.cs
  artifactKey: Guid(0c51f97e449a6934798616032387ddb6) Importer(815301076,1909f56bfc062723c751e8b465ee728b)
Start importing Assets/Scripts/MJoint.cs using Guid(0c51f97e449a6934798616032387ddb6) Importer(815301076,1909f56bfc062723c751e8b465ee728b)  -> (artifact id: '3be1b31b0c9455bdb04c75f1b2580b76') in 0.068036 seconds
  Import took 0.080699 seconds .

========================================================================
Received Prepare
Registering precompiled user dll's ...
Registered in 0.001009 seconds.
Begin MonoManager ReloadAssembly
Native extension for WindowsStandalone target not found
Refreshing native plugins compatible for Editor in 0.28 ms, found 0 plugins.
Preloading 0 native plugins for Editor in 0.00 ms.
Mono: successfully reloaded assembly
- Completed reload, in  0.968 seconds
Platform modules already initialized, skipping
Refreshing native plugins compatible for Editor in 0.22 ms, found 0 plugins.
Preloading 0 native plugins for Editor in 0.00 ms.
Unloading 1112 Unused Serialized files (Serialized files now loaded: 0)
System memory in use before: 57.2 MB.
System memory in use after: 57.3 MB.

Unloading 5 unused Assets to reduce memory usage. Loaded Objects now: 1562.
Total: 1.919300 ms (FindLiveObjects: 0.180000 ms CreateObjectMapping: 0.034600 ms MarkObjects: 1.574200 ms  DeleteObjects: 0.129300 ms)

========================================================================
Received Import Request.
  Time since last request: 428.631108 seconds.
  path: Assets/Scripts/IkManager.cs
  artifactKey: Guid(fce2d225e7664414ab77d67aca1f8565) Importer(815301076,1909f56bfc062723c751e8b465ee728b)
Start importing Assets/Scripts/IkManager.cs using Guid(fce2d225e7664414ab77d67aca1f8565) Importer(815301076,1909f56bfc062723c751e8b465ee728b)  -> (artifact id: '67d9f542c4632a99907018fee1751b21') in 0.011389 seconds
  Import took 0.014030 seconds .

========================================================================
Received Import Request.
  Time since last request: 0.030748 seconds.
  path: Assets/Scripts/IkManager.cs
  artifactKey: Guid(fce2d225e7664414ab77d67aca1f8565) Importer(815301076,1909f56bfc062723c751e8b465ee728b)
Start importing Assets/Scripts/IkManager.cs using Guid(fce2d225e7664414ab77d67aca1f8565) Importer(815301076,1909f56bfc062723c751e8b465ee728b)  -> (artifact id: '67d9f542c4632a99907018fee1751b21') in 0.002750 seconds
  Import took 0.005641 seconds .

========================================================================
Received Prepare
Registering precompiled user dll's ...
Registered in 0.000842 seconds.
Begin MonoManager ReloadAssembly
Native extension for WindowsStandalone target not found
Refreshing native plugins compatible for Editor in 0.23 ms, found 0 plugins.
Preloading 0 native plugins for Editor in 0.00 ms.
Mono: successfully reloaded assembly
- Completed reload, in  0.992 seconds
Platform modules already initialized, skipping
Refreshing native plugins compatible for Editor in 0.20 ms, found 0 plugins.
Preloading 0 native plugins for Editor in 0.00 ms.
Unloading 1112 Unused Serialized files (Serialized files now loaded: 0)
System memory in use before: 57.2 MB.
System memory in use after: 57.3 MB.

Unloading 5 unused Assets to reduce memory usage. Loaded Objects now: 1565.
Total: 1.945400 ms (FindLiveObjects: 0.144200 ms CreateObjectMapping: 0.036600 ms MarkObjects: 1.662500 ms  DeleteObjects: 0.100600 ms)

AssetImportWorkerClient::OnTransportError - code=2 error=End of file
